<?xml version="1.0" encoding="UTF-8"?>
<testsuite xmlns:xsi="http://www.w3.org/2001/XMLSchema-instance" xsi:noNamespaceSchemaLocation="https://maven.apache.org/surefire/maven-surefire-plugin/xsd/surefire-test-report.xsd" version="3.0.2" name="it.globus.finaudit.FinauditApplicationTests" time="6.337" tests="1" errors="0" skipped="0" failures="0">
  <properties>
[...]
</properties>
  <testcase name="contextLoads" classname="it.globus.finaudit.FinauditApplicationTests" time="0.301">
    <system-out><![CDATA[21:11:36.312 [main] INFO org.springframework.test.context.support.AnnotationConfigContextLoaderUtils -- Could not detect default configuration classes for test class [it.globus.finaudit.FinauditApplicationTests]: FinauditApplicationTests does not declare any static, non-private, non-final, nested classes annotated with @Configuration.
21:11:36.394 [main] INFO org.springframework.boot.test.context.SpringBootTestContextBootstrapper -- Found @SpringBootConfiguration it.globus.finaudit.FinauditApplication for test class it.globus.finaudit.FinauditApplicationTests

  .   ____          _            __ _ _
 /\\ / ___'_ __ _ _(_)_ __  __ _ \ \ \ \
( ( )\___ | '_ | '_| | '_ \/ _` | \ \ \ \
 \\/  ___)| |_)| | | | | || (_| |  ) ) ) )
  '  |____| .__|_| |_|_| |_\__, | / / / /
 =========|_|==============|___/=/_/_/_/

 :: Spring Boot ::                (v3.4.4)

2025-04-25T21:11:36.700+03:00  INFO 828 --- [finaudit] [           main] i.g.finaudit.FinauditApplicationTests    : Starting FinauditApplicationTests using Java 21.0.7 with PID 828 (started by David in C:\Users\Davidya\IdeaProjects\MifiHakaton2Sem\backend\finaudit)
2025-04-25T21:11:36.701+03:00  INFO 828 --- [finaudit] [           main] i.g.finaudit.FinauditApplicationTests    : The following 1 profile is active: "test"
2025-04-25T21:11:37.292+03:00  INFO 828 --- [finaudit] [           main] .s.d.r.c.RepositoryConfigurationDelegate : Bootstrapping Spring Data JPA repositories in DEFAULT mode.
2025-04-25T21:11:37.339+03:00  INFO 828 --- [finaudit] [           main] .s.d.r.c.RepositoryConfigurationDelegate : Finished Spring Data repository scanning in 40 ms. Found 1 JPA repository interface.
2025-04-25T21:11:37.613+03:00  INFO 828 --- [finaudit] [           main] o.hibernate.jpa.internal.util.LogHelper  : HHH000204: Processing PersistenceUnitInfo [name: default]
2025-04-25T21:11:37.658+03:00  INFO 828 --- [finaudit] [           main] org.hibernate.Version                    : HHH000412: Hibernate ORM core version 6.6.11.Final
2025-04-25T21:11:37.684+03:00  INFO 828 --- [finaudit] [           main] o.h.c.internal.RegionFactoryInitiator    : HHH000026: Second-level cache disabled
2025-04-25T21:11:37.934+03:00  INFO 828 --- [finaudit] [           main] o.s.o.j.p.SpringPersistenceUnitInfo      : No LoadTimeWeaver setup: ignoring JPA class transformer
2025-04-25T21:11:37.958+03:00  INFO 828 --- [finaudit] [           main] com.zaxxer.hikari.HikariDataSource       : HikariPool-1 - Starting...
2025-04-25T21:11:38.207+03:00  INFO 828 --- [finaudit] [           main] com.zaxxer.hikari.pool.HikariPool        : HikariPool-1 - Added connection org.postgresql.jdbc.PgConnection@300bb303
2025-04-25T21:11:38.208+03:00  INFO 828 --- [finaudit] [           main] com.zaxxer.hikari.HikariDataSource       : HikariPool-1 - Start completed.
2025-04-25T21:11:38.233+03:00  WARN 828 --- [finaudit] [           main] org.hibernate.orm.deprecation            : HHH90000025: PostgreSQLDialect does not need to be specified explicitly using 'hibernate.dialect' (remove the property setting and it will be selected by default)
2025-04-25T21:11:38.247+03:00  INFO 828 --- [finaudit] [           main] org.hibernate.orm.connections.pooling    : HHH10001005: Database info:
	Database JDBC URL [Connecting through datasource 'HikariDataSource (HikariPool-1)']
	Database driver: undefined/unknown
	Database version: 17.2
	Autocommit mode: undefined/unknown
	Isolation level: undefined/unknown
	Minimum pool size: undefined/unknown
	Maximum pool size: undefined/unknown
2025-04-25T21:11:39.037+03:00  INFO 828 --- [finaudit] [           main] o.h.e.t.j.p.i.JtaPlatformInitiator       : HHH000489: No JTA platform available (set 'hibernate.transaction.jta.platform' to enable JTA platform integration)
2025-04-25T21:11:39.274+03:00  INFO 828 --- [finaudit] [           main] j.LocalContainerEntityManagerFactoryBean : Initialized JPA EntityManagerFactory for persistence unit 'default'
2025-04-25T21:11:40.784+03:00  INFO 828 --- [finaudit] [           main] n.s.j.engine.design.JRJdk13Compiler      : Note: Annotation processing is enabled because one or more processors were found
  on the class path. A future release of javac may disable annotation processing
  unless at least one processor is specified by name (-processor), or a search
  path is specified (--processor-path, --processor-module-path), or annotation
  processing is enabled explicitly (-proc:only, -proc:full).
  Use -Xlint:-options to suppress this message.
  Use -proc:none to disable annotation processing.

2025-04-25T21:11:41.163+03:00  INFO 828 --- [finaudit] [           main] n.s.j.engine.design.JRJdk13Compiler      : Note: Annotation processing is enabled because one or more processors were found
  on the class path. A future release of javac may disable annotation processing
  unless at least one processor is specified by name (-processor), or a search
  path is specified (--processor-path, --processor-module-path), or annotation
  processing is enabled explicitly (-proc:only, -proc:full).
  Use -Xlint:-options to suppress this message.
  Use -proc:none to disable annotation processing.

2025-04-25T21:11:41.472+03:00  INFO 828 --- [finaudit] [           main] n.s.j.engine.design.JRJdk13Compiler      : Note: Annotation processing is enabled because one or more processors were found
  on the class path. A future release of javac may disable annotation processing
  unless at least one processor is specified by name (-processor), or a search
  path is specified (--processor-path, --processor-module-path), or annotation
  processing is enabled explicitly (-proc:only, -proc:full).
  Use -Xlint:-options to suppress this message.
  Use -proc:none to disable annotation processing.

2025-04-25T21:11:41.667+03:00  WARN 828 --- [finaudit] [           main] JpaBaseConfiguration$JpaWebConfiguration : spring.jpa.open-in-view is enabled by default. Therefore, database queries may be performed during view rendering. Explicitly configure spring.jpa.open-in-view to disable this warning
2025-04-25T21:11:41.946+03:00  INFO 828 --- [finaudit] [           main] i.g.finaudit.FinauditApplicationTests    : Started FinauditApplicationTests in 5.448 seconds (process running for 6.124)
Hibernate: select count(*) from operations o1_0
]]></system-out>
    <system-err><![CDATA[Mockito is currently self-attaching to enable the inline-mock-maker. This will no longer work in future releases of the JDK. Please add Mockito as an agent to your build what is described in Mockito's documentation: https://javadoc.io/doc/org.mockito/mockito-core/latest/org/mockito/Mockito.html#0.3
WARNING: A Java agent has been loaded dynamically (C:\Users\Davidya\.m2\repository\net\bytebuddy\byte-buddy-agent\1.15.11\byte-buddy-agent-1.15.11.jar)
WARNING: If a serviceability tool is in use, please run with -XX:+EnableDynamicAgentLoading to hide this warning
WARNING: If a serviceability tool is not in use, please run with -Djdk.instrument.traceUsage for more information
WARNING: Dynamic loading of agents will be disallowed by default in a future release
]]></system-err>
  </testcase>
</testsuite>